Arkane execution initiated at Tue Aug 27 12:38:54 2019

################################################################
#                                                              #
# Automated Reaction Kinetics and Network Exploration (Arkane) #
#                                                              #
#   Version: 2.3.0                                             #
#   Authors: RMG Developers (rmg_dev@mit.edu)                  #
#   P.I.s:   William H. Green (whgreen@mit.edu)                #
#            Richard H. West (r.west@neu.edu)                  #
#   Website: http://reactionmechanismgenerator.github.io/      #
#                                                              #
################################################################

Loading species react_0...
Loading species react_1...
Loading species prod_0...
Loading species prod_1...
Loading transition state TS...
Loading reaction CCO+[O]O_OO+[CH2]CO...


Loading statistical mechanics parameters for react_0...
Saving statistical mechanics parameters for react_0...
Loading statistical mechanics parameters for react_1...
Saving statistical mechanics parameters for react_1...
Loading statistical mechanics parameters for prod_0...
Saving statistical mechanics parameters for prod_0...
Loading statistical mechanics parameters for prod_1...
Saving statistical mechanics parameters for prod_1...
Loading statistical mechanics parameters for TS...
Matched reaction to H_Abstraction family
Species input file already written... Not doing anything
Species input file already written... Not doing anything
Species input file already written... Not doing anything
Species input file already written... Not doing anything
Matched reaction to H_Abstraction family
Distance between *1 and *3 is too small, setting it to lower bound of uncertainty
The distance data is as follows: DistanceData(distances={'d12': 1.351518,'d13': 2.418939,'d23': 1.183726,}, uncertainties={'d12': 0.392119,'d13': 0.212740,'d23': 0.322733,}, comment='Matched node C/H2/Cs/Cs ([<Entry index=122 label="C/H2/Cs/Cs">, <Entry index=62 label="OjCs">])\nMatched node OjO ([<Entry index=126 label="C/H2/Cd/Cd">, <Entry index=32 label="OjO">])\n')
Initially embedded molecule
Getting bounds matrix
Editing bounds matrix
For atoms 2 and 8 we have a distance of: 	 1.351518
For atoms 8 and 1 we have a distance of: 	 1.183726
For atoms 2 and 1 we have a distance of: 	 2.418939
Changing lower limit 3.65 to 3.28879259416
Changing lower limit 3.65 to 3.28879259416
Changing lower limit 2.9 to 2.419726
Performing triangle smoothing on bounds matrix.
Now attempting to embed using edited bounds matrix.
Symmetry input file written to ./CCCC.CCO[O].symm
Point group: C1
Arkane execution initiated at Tue Aug 27 15:14:48 2019

################################################################
#                                                              #
# Automated Reaction Kinetics and Network Exploration (Arkane) #
#                                                              #
#   Version: 2.3.0                                             #
#   Authors: RMG Developers (rmg_dev@mit.edu)                  #
#   P.I.s:   William H. Green (whgreen@mit.edu)                #
#            Richard H. West (r.west@neu.edu)                  #
#   Website: http://reactionmechanismgenerator.github.io/      #
#                                                              #
################################################################

Loading species react_0...
Loading species react_1...
Loading species prod_0...
Loading species prod_1...
Loading transition state TS...
Loading reaction CCO+[O]O_OO+[CH2]CO...


Loading statistical mechanics parameters for react_0...
Saving statistical mechanics parameters for react_0...
Loading statistical mechanics parameters for react_1...
Saving statistical mechanics parameters for react_1...
Loading statistical mechanics parameters for prod_0...
Saving statistical mechanics parameters for prod_0...
Loading statistical mechanics parameters for prod_1...
Saving statistical mechanics parameters for prod_1...
Loading statistical mechanics parameters for TS...
Matched reaction to H_Abstraction family
Species input file already written... Not doing anything
Species input file already written... Not doing anything
Species input file already written... Not doing anything
Species input file already written... Not doing anything
Matched reaction to H_Abstraction family
Distance between *1 and *3 is too small, setting it to lower bound of uncertainty
The distance data is as follows: DistanceData(distances={'d12': 1.351518,'d13': 2.418939,'d23': 1.183726,}, uncertainties={'d12': 0.392119,'d13': 0.212740,'d23': 0.322733,}, comment='Matched node C/H2/Cs/Cs ([<Entry index=122 label="C/H2/Cs/Cs">, <Entry index=62 label="OjCs">])\nMatched node OjO ([<Entry index=126 label="C/H2/Cd/Cd">, <Entry index=32 label="OjO">])\n')
TS input file already written... Not doing anything
Arkane execution initiated at Tue Aug 27 16:07:07 2019

################################################################
#                                                              #
# Automated Reaction Kinetics and Network Exploration (Arkane) #
#                                                              #
#   Version: 2.3.0                                             #
#   Authors: RMG Developers (rmg_dev@mit.edu)                  #
#   P.I.s:   William H. Green (whgreen@mit.edu)                #
#            Richard H. West (r.west@neu.edu)                  #
#   Website: http://reactionmechanismgenerator.github.io/      #
#                                                              #
################################################################

Loading species react_0...
Loading species react_1...
Loading species prod_0...
Loading species prod_1...
Loading transition state TS...
Loading reaction CCO+[O]O_OO+[CH2]CO...


Loading statistical mechanics parameters for react_0...
Saving statistical mechanics parameters for react_0...
Loading statistical mechanics parameters for react_1...
Saving statistical mechanics parameters for react_1...
Loading statistical mechanics parameters for prod_0...
Saving statistical mechanics parameters for prod_0...
Loading statistical mechanics parameters for prod_1...
Saving statistical mechanics parameters for prod_1...
Loading statistical mechanics parameters for TS...
Matched reaction to H_Abstraction family
Species input file already written... Not doing anything
Species input file already written... Not doing anything
Species input file already written... Not doing anything
Species input file already written... Not doing anything
Matched reaction to H_Abstraction family
Distance between *1 and *3 is too small, setting it to lower bound of uncertainty
The distance data is as follows: DistanceData(distances={'d12': 1.351518,'d13': 2.418939,'d23': 1.183726,}, uncertainties={'d12': 0.392119,'d13': 0.212740,'d23': 0.322733,}, comment='Matched node C/H2/Cs/Cs ([<Entry index=122 label="C/H2/Cs/Cs">, <Entry index=62 label="OjCs">])\nMatched node OjO ([<Entry index=126 label="C/H2/Cd/Cd">, <Entry index=32 label="OjO">])\n')
TS input file already written... Not doing anything
